0 info it worked if it ends with ok
1 verbose cli [ 'C:\\Development\\nodejs\\node.exe',
1 verbose cli   'C:\\Development\\nodejs\\node_modules\\npm\\bin\\npm-cli.js',
1 verbose cli   'run',
1 verbose cli   'build:ts' ]
2 info using npm@3.10.9
3 info using node@v6.9.2
4 verbose run-script [ 'prebuild:ts', 'build:ts', 'postbuild:ts' ]
5 info lifecycle kapu-ts@0.2.4~prebuild:ts: kapu-ts@0.2.4
6 silly lifecycle kapu-ts@0.2.4~prebuild:ts: no script for prebuild:ts, continuing
7 info lifecycle kapu-ts@0.2.4~build:ts: kapu-ts@0.2.4
8 verbose lifecycle kapu-ts@0.2.4~build:ts: unsafe-perm in lifecycle true
9 verbose lifecycle kapu-ts@0.2.4~build:ts: PATH: C:\Development\nodejs\node_modules\npm\bin\node-gyp-bin;C:\WORKSPACES\kapu\kapu-ts\node_modules\.bin;C:\ProgramData\Oracle\Java\javapath;C:\WINDOWS\system32;C:\WINDOWS;C:\WINDOWS\System32\Wbem;C:\WINDOWS\System32\WindowsPowerShell\v1.0\;C:\Development\nodejs\;C:\Android;C:\Windows\System32;C:\Development\TortoiseSVN\bin;C:\Development\Vagrant\bin;C:\Program Files (x86)\Skype\Phone\;C:\Development\cygwin64\bin;C:\Development\Git\cmd;C:\Program Files\Docker\Docker\resources\bin;C:\Development\Yarn\bin;C:\Development\RedHatDevelopmentSuite\cdk\bin;c:\Development\RedHatDevelopmentSuite\cdk\bin;C:\Development\RedHatDevelopmentSuite\virtualbox\;C:\Users\boldrin\AppData\Local\Microsoft\WindowsApps;C:\Users\boldrin\AppData\Roaming\npm;C:\Users\boldrin\AppData\Local\atom\bin;C:\Development\gradle-3.3\bin;C:\Development\OpenshiftClient;C:\Development\asciidoctorj-1.5.5\bin;C:\Users\boldrin\AppData\Local\Microsoft\WindowsApps;c:\Development\apache-maven-3.5.0\bin;C:\Users\boldrin\AppData\Local\Yarn\bin;C:\Development\atom\bin
10 verbose lifecycle kapu-ts@0.2.4~build:ts: CWD: C:\WORKSPACES\kapu\kapu-ts
11 silly lifecycle kapu-ts@0.2.4~build:ts: Args: [ '/d /s /c', 'shx rm -r lib && tsc -p ./' ]
12 silly lifecycle kapu-ts@0.2.4~build:ts: Returned: code: 1  signal: null
13 info lifecycle kapu-ts@0.2.4~build:ts: Failed to exec build:ts script
14 verbose stack Error: kapu-ts@0.2.4 build:ts: `shx rm -r lib && tsc -p ./`
14 verbose stack Exit status 1
14 verbose stack     at EventEmitter.<anonymous> (C:\Development\nodejs\node_modules\npm\lib\utils\lifecycle.js:255:16)
14 verbose stack     at emitTwo (events.js:106:13)
14 verbose stack     at EventEmitter.emit (events.js:191:7)
14 verbose stack     at ChildProcess.<anonymous> (C:\Development\nodejs\node_modules\npm\lib\utils\spawn.js:40:14)
14 verbose stack     at emitTwo (events.js:106:13)
14 verbose stack     at ChildProcess.emit (events.js:191:7)
14 verbose stack     at maybeClose (internal/child_process.js:877:16)
14 verbose stack     at Process.ChildProcess._handle.onexit (internal/child_process.js:226:5)
15 verbose pkgid kapu-ts@0.2.4
16 verbose cwd C:\WORKSPACES\kapu\kapu-ts
17 error Windows_NT 10.0.15063
18 error argv "C:\\Development\\nodejs\\node.exe" "C:\\Development\\nodejs\\node_modules\\npm\\bin\\npm-cli.js" "run" "build:ts"
19 error node v6.9.2
20 error npm  v3.10.9
21 error code ELIFECYCLE
22 error kapu-ts@0.2.4 build:ts: `shx rm -r lib && tsc -p ./`
22 error Exit status 1
23 error Failed at the kapu-ts@0.2.4 build:ts script 'shx rm -r lib && tsc -p ./'.
23 error Make sure you have the latest version of node.js and npm installed.
23 error If you do, this is most likely a problem with the kapu-ts package,
23 error not with npm itself.
23 error Tell the author that this fails on your system:
23 error     shx rm -r lib && tsc -p ./
23 error You can get information on how to open an issue for this project with:
23 error     npm bugs kapu-ts
23 error Or if that isn't available, you can get their info via:
23 error     npm owner ls kapu-ts
23 error There is likely additional logging output above.
24 verbose exit [ 1, true ]
